Starting Monte Carlo Sampling...

Current time: Sun Aug  4 17:32:14 2024 
MonteCarlo.0
Number of points completed: 200
Number of simulation errors: 0
MonteCarlo.0 completed. 
Current time: Sun Aug  4 17:35:01 2024 
Monte Carlo Sampling yield summary:
Number of spec values are in this yield data: 2
Project1:COMP_CML:1	Nominal - 
	value(VT("/VOS_F") ymax(xval(VT("/VOS_F")))):	Yield	98.5%
		Min 0.0998047	Max 0.0998047	Mean 0.0998047	Number of errors 0
Project1:COMP_CML:1	Nominal - 
	value(VT("/VOS_R") ymax(xval(VT("/VOS_R")))):	Yield	98.5%
		Min 0.0998047	Max 0.0998047	Mean 0.0998047	Number of errors 0

Project1:COMP_CML:1
	Overall Yield	98.5%	Number of points passed	197	Total number of points	200

Estimated yield = 98.5% (197/200), 0 errors
Estimated yield (No opregions) = 98.5% (197/200)
Monte Carlo Sampling yield summary:
Number of spec values are in this yield data: 2
Project1:COMP_CML:1	Nominal - 
	value(VT("/VOS_F") ymax(xval(VT("/VOS_F")))):	Yield	98.5%
		Min 0.0998047	Max 0.0998047	Mean 0.0998047	Number of errors 0
Project1:COMP_CML:1	Nominal - 
	value(VT("/VOS_R") ymax(xval(VT("/VOS_R")))):	Yield	98.5%
		Min 0.0998047	Max 0.0998047	Mean 0.0998047	Number of errors 0

Project1:COMP_CML:1
	Overall Yield	98.5%	Number of points passed	197	Total number of points	200

Estimated yield = 98.5% (197/200), 0 errors
Estimated yield (No opregions) = 98.5% (197/200)
