Starting Single Run, Sweeps and Corners...

Current time: Thu Aug 15 17:50:38 2024 
Best design point: 1
Design specs: 
	serdes_project:RX:1	corner	Nominal - 
	VT("/DLEV")		Error	No
	VT("/E0")		Error	No
	VT("/E1")		Error	No
	VT("/E3")		Error	No
	VT("/E2")		Error	No
	VT("/E4")		Error	No
	VT("/E5")		Error	No
Design parameters: 
	CTRL0		1.2
	CTRL1		0
	CTRL2		0
	CTRL3		0
	E0		1.2
	E1		0
	E2		0
	E3		0
	E4		0
	E5		0
	PER		100p
	SgnP		0
	TCLK		100p
	VGA1		1
	VGA2		1
	VGA3		0
	X1		0
	X2		0
	X3		0

Interactive.1
Number of points completed: 1
Number of simulation errors: 7
Interactive.1 completed. 
Current time: Thu Aug 15 17:55:09 2024 
